1729433684 - 2024-10-20 14:14:442126023 [ERROR] Magenta error
1729433684 - 2024-10-20 14:14:442131853 [WARN] Yellow warning
1729433684 - 2024-10-20 14:14:442135376 [INFO] Blue info
1729433684 - 2024-10-20 14:14:442138659 [DEBUG] (1) Ledger: Cyan debug
1729433684 - 2024-10-20 14:14:442142343 [TRACE] (1) Ledger: [src/main.rs:38] Green trace
1729433688 - 2024-10-20 14:14:487423504 [ERROR] Magenta error
1729433688 - 2024-10-20 14:14:487429233 [WARN] Yellow warning
1729433688 - 2024-10-20 14:14:487433488 [INFO] Blue info
1729433688 - 2024-10-20 14:14:487437956 [DEBUG] (1) Ledger: Cyan debug
1729433688 - 2024-10-20 14:14:487442784 [TRACE] (1) Ledger: [src/main.rs:38] Green trace
1729433000 - 2024-10-20 14:14:44 [INFO] file=file_path_0
1729433001 - 2024-10-20 14:14:44 [INFO] file=file_path_1
1729433002 - 2024-10-20 14:14:44 [INFO] file=file_path_2
1729433003 - 2024-10-20 14:14:44 [INFO] file=file_path_3
1729433010 - 2024-10-20 14:14:44 [INFO] file=file_path_0
1729433011 - 2024-10-20 14:14:44 [INFO] file=file_path_1
1729433012 - 2024-10-20 14:14:44 [INFO] file=file_path_2
1729433013 - 2024-10-20 14:14:44 [INFO] file=file_path_3
1729433020 - 2024-10-20 14:14:44 [INFO] file=file_path_0
1729433021 - 2024-10-20 14:14:44 [INFO] file=file_path_1
1729433022 - 2024-10-20 14:14:44 [INFO] file=file_path_2
1729433023 - 2024-10-20 14:14:44 [INFO] file=file_path_3
1729612489 - 2024-10-22 15:54:49 [INFO] file=file_path_x
1729612562 - 2024-10-22 15:56:02 [INFO] file=file_path_x
1729612585 - 2024-10-22 15:56:25 [INFO] file=file_path_x
1729612616 - 2024-10-22 15:56:56 [INFO] file_path_x
1729612618 - 2024-10-22 15:56:58 [INFO] file_path_x
1729612620 - 2024-10-22 15:57:00 [INFO] file_path_x
1729612621 - 2024-10-22 15:57:01 [INFO] file_path_x
1729612626 - 2024-10-22 15:57:06 [INFO] file_path_x
1729612628 - 2024-10-22 15:57:08 [INFO] file_path_x
1729612629 - 2024-10-22 15:57:09 [INFO] file_path_x
1729612632 - 2024-10-22 15:57:12 [INFO] file_path_x
1729612634 - 2024-10-22 15:57:14 [INFO] file_path_x
